<?xml version="1.0" encoding="UTF-8"?>
<coverage generated="1595529150997" clover="3.2.0">
  <project timestamp="1595529150997" name="All files">
    <metrics statements="25" coveredstatements="25" conditionals="14" coveredconditionals="10" methods="8" coveredmethods="8" elements="47" coveredelements="43" complexity="0" loc="25" ncloc="25" packages="2" files="2" classes="2"/>
    <package name="dist.js">
      <metrics statements="21" coveredstatements="21" conditionals="12" coveredconditionals="8" methods="6" coveredmethods="6"/>
      <file name="ErrorRepository.js" path="E:\IT_and_programing\Frontend\8.0_Homeworks\Task_8.2\dist\js\ErrorRepository.js">
        <metrics statements="21" coveredstatements="21" conditionals="12" coveredconditionals="8" methods="6" coveredmethods="6"/>
        <line num="3" count="1" type="stmt"/>
        <line num="5" count="1" type="stmt"/>
        <line num="7" count="1" type="stmt"/>
        <line num="9" count="1" type="stmt"/>
        <line num="11" count="1" type="stmt"/>
        <line num="13" count="1" type="stmt"/>
        <line num="15" count="1" type="stmt"/>
        <line num="18" count="1" type="stmt"/>
        <line num="20" count="1" type="cond" truecount="1" falsecount="1"/>
        <line num="22" count="1" type="cond" truecount="3" falsecount="1"/>
        <line num="24" count="1" type="cond" truecount="2" falsecount="2"/>
        <line num="26" count="1" type="stmt"/>
        <line num="28" count="1" type="stmt"/>
        <line num="30" count="1" type="stmt"/>
        <line num="33" count="1" type="stmt"/>
        <line num="36" count="7" type="cond" truecount="2" falsecount="0"/>
        <line num="37" count="6" type="stmt"/>
        <line num="39" count="1" type="stmt"/>
        <line num="44" count="1" type="stmt"/>
        <line num="48" count="1" type="stmt"/>
        <line num="49" count="1" type="stmt"/>
      </file>
    </package>
    <package name="src.js">
      <metrics statements="4" coveredstatements="4" conditionals="2" coveredconditionals="2" methods="2" coveredmethods="2"/>
      <file name="ErrorRepository.js" path="E:\IT_and_programing\Frontend\8.0_Homeworks\Task_8.2\src\js\ErrorRepository.js">
        <metrics statements="4" coveredstatements="4" conditionals="2" coveredconditionals="2" methods="2" coveredmethods="2"/>
        <line num="3" count="1" type="stmt"/>
        <line num="6" count="7" type="cond" truecount="2" falsecount="0"/>
        <line num="7" count="6" type="stmt"/>
        <line num="9" count="1" type="stmt"/>
      </file>
    </package>
  </project>
</coverage>
