{"E:\\IT_and_programing\\Frontend\\8.0_Homeworks\\Task_8.2\\dist\\js\\ErrorRepository.js": {"path":"E:\\IT_and_programing\\Frontend\\8.0_Homeworks\\Task_8.2\\dist\\js\\ErrorRepository.js","statementMap":{"0":{"start":{"line":3,"column":0},"end":{"line":3,"column":45}},"1":{"start":{"line":5,"column":0},"end":{"line":5,"column":34}},"2":{"start":{"line":7,"column":0},"end":{"line":7,"column":53}},"3":{"start":{"line":9,"column":0},"end":{"line":9,"column":47}},"4":{"start":{"line":11,"column":0},"end":{"line":11,"column":46}},"5":{"start":{"line":13,"column":0},"end":{"line":13,"column":56}},"6":{"start":{"line":15,"column":0},"end":{"line":17,"column":3}},"7":{"start":{"line":18,"column":0},"end":{"line":18,"column":28}},"8":{"start":{"line":20,"column":50},"end":{"line":20,"column":151}},"9":{"start":{"line":20,"column":92},"end":{"line":20,"column":149}},"10":{"start":{"line":22,"column":44},"end":{"line":22,"column":315}},"11":{"start":{"line":22,"column":57},"end":{"line":22,"column":58}},"12":{"start":{"line":22,"column":102},"end":{"line":22,"column":110}},"13":{"start":{"line":22,"column":112},"end":{"line":22,"column":167}},"14":{"start":{"line":22,"column":168},"end":{"line":22,"column":199}},"15":{"start":{"line":22,"column":200},"end":{"line":22,"column":254}},"16":{"start":{"line":22,"column":227},"end":{"line":22,"column":254}},"17":{"start":{"line":22,"column":255},"end":{"line":22,"column":313}},"18":{"start":{"line":24,"column":62},"end":{"line":24,"column":131}},"19":{"start":{"line":24,"column":78},"end":{"line":24,"column":131}},"20":{"start":{"line":24,"column":132},"end":{"line":24,"column":193}},"21":{"start":{"line":24,"column":149},"end":{"line":24,"column":193}},"22":{"start":{"line":24,"column":194},"end":{"line":24,"column":213}},"23":{"start":{"line":26,"column":35},"end":{"line":45,"column":3}},"24":{"start":{"line":28,"column":4},"end":{"line":28,"column":43}},"25":{"start":{"line":30,"column":4},"end":{"line":30,"column":147}},"26":{"start":{"line":33,"column":2},"end":{"line":42,"column":6}},"27":{"start":{"line":36,"column":6},"end":{"line":40,"column":7}},"28":{"start":{"line":37,"column":8},"end":{"line":37,"column":36}},"29":{"start":{"line":39,"column":8},"end":{"line":39,"column":30}},"30":{"start":{"line":44,"column":2},"end":{"line":44,"column":25}},"31":{"start":{"line":48,"column":15},"end":{"line":48,"column":30}},"32":{"start":{"line":49,"column":0},"end":{"line":49,"column":30}}},"fnMap":{"0":{"name":"_classCallCheck","decl":{"start":{"line":20,"column":9},"end":{"line":20,"column":24}},"loc":{"start":{"line":20,"column":48},"end":{"line":20,"column":153}},"line":20},"1":{"name":"_defineProperties","decl":{"start":{"line":22,"column":9},"end":{"line":22,"column":26}},"loc":{"start":{"line":22,"column":42},"end":{"line":22,"column":317}},"line":22},"2":{"name":"_createClass","decl":{"start":{"line":24,"column":9},"end":{"line":24,"column":21}},"loc":{"start":{"line":24,"column":60},"end":{"line":24,"column":215}},"line":24},"3":{"name":"(anonymous_3)","decl":{"start":{"line":26,"column":35},"end":{"line":26,"column":36}},"loc":{"start":{"line":26,"column":47},"end":{"line":45,"column":1}},"line":26},"4":{"name":"ErrorRepository","decl":{"start":{"line":27,"column":11},"end":{"line":27,"column":26}},"loc":{"start":{"line":27,"column":29},"end":{"line":31,"column":3}},"line":27},"5":{"name":"translate","decl":{"start":{"line":35,"column":20},"end":{"line":35,"column":29}},"loc":{"start":{"line":35,"column":36},"end":{"line":41,"column":5}},"line":35}},"branchMap":{"0":{"loc":{"start":{"line":20,"column":50},"end":{"line":20,"column":151}},"type":"if","locations":[{"start":{"line":20,"column":50},"end":{"line":20,"column":151}},{"start":{"line":20,"column":50},"end":{"line":20,"column":151}}],"line":20},"1":{"loc":{"start":{"line":22,"column":136},"end":{"line":22,"column":166}},"type":"binary-expr","locations":[{"start":{"line":22,"column":136},"end":{"line":22,"column":157}},{"start":{"line":22,"column":161},"end":{"line":22,"column":166}}],"line":22},"2":{"loc":{"start":{"line":22,"column":200},"end":{"line":22,"column":254}},"type":"if","locations":[{"start":{"line":22,"column":200},"end":{"line":22,"column":254}},{"start":{"line":22,"column":200},"end":{"line":22,"column":254}}],"line":22},"3":{"loc":{"start":{"line":24,"column":62},"end":{"line":24,"column":131}},"type":"if","locations":[{"start":{"line":24,"column":62},"end":{"line":24,"column":131}},{"start":{"line":24,"column":62},"end":{"line":24,"column":131}}],"line":24},"4":{"loc":{"start":{"line":24,"column":132},"end":{"line":24,"column":193}},"type":"if","locations":[{"start":{"line":24,"column":132},"end":{"line":24,"column":193}},{"start":{"line":24,"column":132},"end":{"line":24,"column":193}}],"line":24},"5":{"loc":{"start":{"line":36,"column":6},"end":{"line":40,"column":7}},"type":"if","locations":[{"start":{"line":36,"column":6},"end":{"line":40,"column":7}},{"start":{"line":36,"column":6},"end":{"line":40,"column":7}}],"line":36}},"s":{"0":1,"1":1,"2":1,"3":1,"4":1,"5":1,"6":1,"7":1,"8":1,"9":0,"10":1,"11":1,"12":1,"13":1,"14":1,"15":1,"16":1,"17":1,"18":1,"19":1,"20":1,"21":0,"22":1,"23":1,"24":1,"25":1,"26":1,"27":7,"28":6,"29":1,"30":1,"31":1,"32":1},"f":{"0":1,"1":1,"2":1,"3":1,"4":1,"5":7},"b":{"0":[0,1],"1":[1,1],"2":[1,0],"3":[1,0],"4":[0,1],"5":[6,1]},"_coverageSchema":"1a1c01bbd47fc00a2c39e90264f33305004495a9","hash":"70e2673fbc42c5f41048d23c684ab814a8458ba5"}
,"E:\\IT_and_programing\\Frontend\\8.0_Homeworks\\Task_8.2\\src\\js\\ErrorRepository.js": {"path":"E:\\IT_and_programing\\Frontend\\8.0_Homeworks\\Task_8.2\\src\\js\\ErrorRepository.js","statementMap":{"0":{"start":{"line":3,"column":8},"end":{"line":3,"column":151}},"1":{"start":{"line":6,"column":8},"end":{"line":10,"column":9}},"2":{"start":{"line":7,"column":12},"end":{"line":7,"column":40}},"3":{"start":{"line":9,"column":12},"end":{"line":9,"column":34}}},"fnMap":{"0":{"name":"(anonymous_0)","decl":{"start":{"line":2,"column":4},"end":{"line":2,"column":5}},"loc":{"start":{"line":2,"column":18},"end":{"line":4,"column":5}},"line":2},"1":{"name":"(anonymous_1)","decl":{"start":{"line":5,"column":4},"end":{"line":5,"column":5}},"loc":{"start":{"line":5,"column":20},"end":{"line":11,"column":5}},"line":5}},"branchMap":{"0":{"loc":{"start":{"line":6,"column":8},"end":{"line":10,"column":9}},"type":"if","locations":[{"start":{"line":6,"column":8},"end":{"line":10,"column":9}},{"start":{"line":6,"column":8},"end":{"line":10,"column":9}}],"line":6}},"s":{"0":1,"1":7,"2":6,"3":1},"f":{"0":1,"1":7},"b":{"0":[6,1]},"_coverageSchema":"1a1c01bbd47fc00a2c39e90264f33305004495a9","hash":"687cebb5a024e028b5127e7efd57abe53214b05d"}
}
