TN:
SF:dist\js\ErrorRepository.js
FN:20,_classCallCheck
FN:22,_defineProperties
FN:24,_createClass
FN:26,(anonymous_3)
FN:27,ErrorRepository
FN:35,translate
FNF:6
FNH:6
FNDA:1,_classCallCheck
FNDA:1,_defineProperties
FNDA:1,_createClass
FNDA:1,(anonymous_3)
FNDA:1,ErrorRepository
FNDA:7,translate
DA:3,1
DA:5,1
DA:7,1
DA:9,1
DA:11,1
DA:13,1
DA:15,1
DA:18,1
DA:20,1
DA:22,1
DA:24,1
DA:26,1
DA:28,1
DA:30,1
DA:33,1
DA:36,7
DA:37,6
DA:39,1
DA:44,1
DA:48,1
DA:49,1
LF:21
LH:21
BRDA:20,0,0,0
BRDA:20,0,1,1
BRDA:22,1,0,1
BRDA:22,1,1,1
BRDA:22,2,0,1
BRDA:22,2,1,0
BRDA:24,3,0,1
BRDA:24,3,1,0
BRDA:24,4,0,0
BRDA:24,4,1,1
BRDA:36,5,0,6
BRDA:36,5,1,1
BRF:12
BRH:8
end_of_record
TN:
SF:src\js\ErrorRepository.js
FN:2,(anonymous_0)
FN:5,(anonymous_1)
FNF:2
FNH:2
FNDA:1,(anonymous_0)
FNDA:7,(anonymous_1)
DA:3,1
DA:6,7
DA:7,6
DA:9,1
LF:4
LH:4
BRDA:6,0,0,6
BRDA:6,0,1,1
BRF:2
BRH:2
end_of_record
